# JRE version: OpenJDK Runtime Environment (8.0_45-b14) (build 1.8.0_45-internal-b14)
# Java VM: OpenJDK 64-Bit Server VM (25.45-b02 mixed mode linux-amd64 compressed oops)
Heap:
 PSYoungGen      total 203264K, used 178595K [0x00000000ec000000, 0x00000000fd880000, 0x0000000100000000)
  eden space 179712K, 89% used [0x00000000ec000000,0x00000000f5d2ba68,0x00000000f6f80000)
  from space 23552K, 74% used [0x00000000f6f80000,0x00000000f80bd358,0x00000000f8680000)
  to   space 25600K, 0% used [0x00000000fbf80000,0x00000000fbf80000,0x00000000fd880000)
 ParOldGen       total 92160K, used 38040K [0x00000000c4000000, 0x00000000c9a00000, 0x00000000ec000000)
  object space 92160K, 41% used [0x00000000c4000000,0x00000000c6526200,0x00000000c9a00000)
 Metaspace       used 11474K, capacity 11679K, committed 12032K, reserved 1060864K
  class space    used 1155K, capacity 1222K, committed 1280K, reserved 1048576K
GC Heap History (10 events):
Event: 8,160 GC heap before
{Heap before GC invocations=7 (full 1):
 PSYoungGen      total 64000K, used 61440K [0x00000000ec000000, 0x00000000f5b00000, 0x0000000100000000)
  eden space 61440K, 100% used [0x00000000ec000000,0x00000000efc00000,0x00000000efc00000)
  from space 2560K, 0% used [0x00000000efc00000,0x00000000efc00000,0x00000000efe80000)
  to   space 17920K, 0% used [0x00000000f4980000,0x00000000f4980000,0x00000000f5b00000)
 ParOldGen       total 58368K, used 22870K [0x00000000c4000000, 0x00000000c7900000, 0x00000000ec000000)
  object space 58368K, 39% used [0x00000000c4000000,0x00000000c5655910,0x00000000c7900000)
 Metaspace       used 10953K, capacity 11187K, committed 11520K, reserved 1058816K
  class space    used 1123K, capacity 1188K, committed 1280K, reserved 1048576K
Event: 8,253 GC heap after
Heap after GC invocations=7 (full 1):
 PSYoungGen      total 128512K, used 3645K [0x00000000ec000000, 0x00000000f5400000, 0x0000000100000000)
  eden space 117760K, 0% used [0x00000000ec000000,0x00000000ec000000,0x00000000f3300000)
  from space 10752K, 33% used [0x00000000f4980000,0x00000000f4d0f510,0x00000000f5400000)
  to   space 16896K, 0% used [0x00000000f3300000,0x00000000f3300000,0x00000000f4380000)
 ParOldGen       total 58368K, used 55646K [0x00000000c4000000, 0x00000000c7900000, 0x00000000ec000000)
  object space 58368K, 95% used [0x00000000c4000000,0x00000000c7657920,0x00000000c7900000)
 Metaspace       used 10953K, capacity 11187K, committed 11520K, reserved 1058816K
  class space    used 1123K, capacity 1188K, committed 1280K, reserved 1048576K
}
Event: 8,253 GC heap before
{Heap before GC invocations=8 (full 2):
 PSYoungGen      total 128512K, used 3645K [0x00000000ec000000, 0x00000000f5400000, 0x0000000100000000)
  eden space 117760K, 0% used [0x00000000ec000000,0x00000000ec000000,0x00000000f3300000)
  from space 10752K, 33% used [0x00000000f4980000,0x00000000f4d0f510,0x00000000f5400000)
  to   space 16896K, 0% used [0x00000000f3300000,0x00000000f3300000,0x00000000f4380000)
 ParOldGen       total 58368K, used 55646K [0x00000000c4000000, 0x00000000c7900000, 0x00000000ec000000)
  object space 58368K, 95% used [0x00000000c4000000,0x00000000c7657920,0x00000000c7900000)
 Metaspace       used 10953K, capacity 11187K, committed 11520K, reserved 1058816K
  class space    used 1123K, capacity 1188K, committed 1280K, reserved 1048576K
Event: 8,318 GC heap after
Heap after GC invocations=8 (full 2):
 PSYoungGen      total 128512K, used 0K [0x00000000ec000000, 0x00000000f5400000, 0x0000000100000000)
  eden space 117760K, 0% used [0x00000000ec000000,0x00000000ec000000,0x00000000f3300000)
  from space 10752K, 0% used [0x00000000f4980000,0x00000000f4980000,0x00000000f5400000)
  to   space 16896K, 0% used [0x00000000f3300000,0x00000000f3300000,0x00000000f4380000)
 ParOldGen       total 92160K, used 37428K [0x00000000c4000000, 0x00000000c9a00000, 0x00000000ec000000)
  object space 92160K, 40% used [0x00000000c4000000,0x00000000c648d228,0x00000000c9a00000)
 Metaspace       used 10953K, capacity 11187K, committed 11520K, reserved 1058816K
  class space    used 1123K, capacity 1188K, committed 1280K, reserved 1048576K
}
Event: 11,765 GC heap before
{Heap before GC invocations=9 (full 2):
 PSYoungGen      total 128512K, used 106628K [0x00000000ec000000, 0x00000000f5400000, 0x0000000100000000)
  eden space 117760K, 90% used [0x00000000ec000000,0x00000000f2821008,0x00000000f3300000)
  from space 10752K, 0% used [0x00000000f4980000,0x00000000f4980000,0x00000000f5400000)
  to   space 16896K, 0% used [0x00000000f3300000,0x00000000f3300000,0x00000000f4380000)
 ParOldGen       total 92160K, used 37428K [0x00000000c4000000, 0x00000000c9a00000, 0x00000000ec000000)
  object space 92160K, 40% used [0x00000000c4000000,0x00000000c648d228,0x00000000c9a00000)
 Metaspace       used 11325K, capacity 11551K, committed 11776K, reserved 1060864K
  class space    used 1147K, capacity 1222K, committed 1280K, reserved 1048576K
Event: 11,797 GC heap after
Heap after GC invocations=9 (full 2):
 PSYoungGen      total 134656K, used 16889K [0x00000000ec000000, 0x00000000f9f00000, 0x0000000100000000)
  eden space 117760K, 0% used [0x00000000ec000000,0x00000000ec000000,0x00000000f3300000)
  from space 16896K, 99% used [0x00000000f3300000,0x00000000f437e6c8,0x00000000f4380000)
  to   space 20992K, 0% used [0x00000000f8a80000,0x00000000f8a80000,0x00000000f9f00000)
 ParOldGen       total 92160K, used 38024K [0x00000000c4000000, 0x00000000c9a00000, 0x00000000ec000000)
  object space 92160K, 41% used [0x00000000c4000000,0x00000000c6522200,0x00000000c9a00000)
 Metaspace       used 11325K, capacity 11551K, committed 11776K, reserved 1060864K
  class space    used 1147K, capacity 1222K, committed 1280K, reserved 1048576K
}
Event: 15,090 GC heap before
{Heap before GC invocations=10 (full 2):
 PSYoungGen      total 134656K, used 119765K [0x00000000ec000000, 0x00000000f9f00000, 0x0000000100000000)
  eden space 117760K, 87% used [0x00000000ec000000,0x00000000f2476fa8,0x00000000f3300000)
  from space 16896K, 99% used [0x00000000f3300000,0x00000000f437e6c8,0x00000000f4380000)
  to   space 20992K, 0% used [0x00000000f8a80000,0x00000000f8a80000,0x00000000f9f00000)
 ParOldGen       total 92160K, used 38024K [0x00000000c4000000, 0x00000000c9a00000, 0x00000000ec000000)
  object space 92160K, 41% used [0x00000000c4000000,0x00000000c6522200,0x00000000c9a00000)
 Metaspace       used 11348K, capacity 11551K, committed 11776K, reserved 1060864K
  class space    used 1147K, capacity 1222K, committed 1280K, reserved 1048576K
Event: 15,120 GC heap after
Heap after GC invocations=10 (full 2):
 PSYoungGen      total 199168K, used 17660K [0x00000000ec000000, 0x00000000f9d80000, 0x0000000100000000)
  eden space 179712K, 0% used [0x00000000ec000000,0x00000000ec000000,0x00000000f6f80000)
  from space 19456K, 90% used [0x00000000f8a80000,0x00000000f9bbf1e0,0x00000000f9d80000)
  to   space 23552K, 0% used [0x00000000f6f80000,0x00000000f6f80000,0x00000000f8680000)
 ParOldGen       total 92160K, used 38032K [0x00000000c4000000, 0x00000000c9a00000, 0x00000000ec000000)
  object space 92160K, 41% used [0x00000000c4000000,0x00000000c6524200,0x00000000c9a00000)
 Metaspace       used 11348K, capacity 11551K, committed 11776K, reserved 1060864K
  class space    used 1147K, capacity 1222K, committed 1280K, reserved 1048576K
}
Event: 19,043 GC heap before
{Heap before GC invocations=11 (full 2):
 PSYoungGen      total 199168K, used 191103K [0x00000000ec000000, 0x00000000f9d80000, 0x0000000100000000)
  eden space 179712K, 96% used [0x00000000ec000000,0x00000000f6960b90,0x00000000f6f80000)
  from space 19456K, 90% used [0x00000000f8a80000,0x00000000f9bbf1e0,0x00000000f9d80000)
  to   space 23552K, 0% used [0x00000000f6f80000,0x00000000f6f80000,0x00000000f8680000)
 ParOldGen       total 92160K, used 38032K [0x00000000c4000000, 0x00000000c9a00000, 0x00000000ec000000)
  object space 92160K, 41% used [0x00000000c4000000,0x00000000c6524200,0x00000000c9a00000)
 Metaspace       used 11360K, capacity 11551K, committed 11776K, reserved 1060864K
  class space    used 1147K, capacity 1222K, committed 1280K, reserved 1048576K
Event: 19,254 GC heap after
Heap after GC invocations=11 (full 2):
 PSYoungGen      total 203264K, used 17652K [0x00000000ec000000, 0x00000000fd880000, 0x0000000100000000)
  eden space 179712K, 0% used [0x00000000ec000000,0x00000000ec000000,0x00000000f6f80000)
  from space 23552K, 74% used [0x00000000f6f80000,0x00000000f80bd358,0x00000000f8680000)
  to   space 25600K, 0% used [0x00000000fbf80000,0x00000000fbf80000,0x00000000fd880000)
 ParOldGen       total 92160K, used 38040K [0x00000000c4000000, 0x00000000c9a00000, 0x00000000ec000000)
  object space 92160K, 41% used [0x00000000c4000000,0x00000000c6526200,0x00000000c9a00000)
 Metaspace       used 11360K, capacity 11551K, committed 11776K, reserved 1060864K
  class space    used 1147K, capacity 1222K, committed 1280K, reserved 1048576K
}

