# JRE version: OpenJDK Runtime Environment (8.0_45-b14) (build 1.8.0_45-internal-b14)
# Java VM: OpenJDK 64-Bit Server VM (25.45-b02 mixed mode linux-amd64 compressed oops)
Heap:
 PSYoungGen      total 66560K, used 41483K [0x00000000ec000000, 0x00000000f4200000, 0x0000000100000000)
  eden space 61440K, 67% used [0x00000000ec000000,0x00000000ee882db8,0x00000000efc00000)
  from space 5120K, 0% used [0x00000000efc00000,0x00000000efc00000,0x00000000f0100000)
  to   space 5120K, 0% used [0x00000000f3d00000,0x00000000f3d00000,0x00000000f4200000)
 ParOldGen       total 53760K, used 53576K [0x00000000c4000000, 0x00000000c7480000, 0x00000000ec000000)
  object space 53760K, 99% used [0x00000000c4000000,0x00000000c74522a8,0x00000000c7480000)
 Metaspace       used 11026K, capacity 11231K, committed 11520K, reserved 1058816K
  class space    used 1129K, capacity 1220K, committed 1280K, reserved 1048576K
GC Heap History (10 events):
Event: 3,291 GC heap before
{Heap before GC invocations=4 (full 0):
 PSYoungGen      total 17920K, used 16784K [0x00000000ec000000, 0x00000000ee300000, 0x0000000100000000)
  eden space 15360K, 100% used [0x00000000ec000000,0x00000000ecf00000,0x00000000ecf00000)
  from space 2560K, 55% used [0x00000000ecf00000,0x00000000ed064030,0x00000000ed180000)
  to   space 2560K, 0% used [0x00000000ee080000,0x00000000ee080000,0x00000000ee300000)
 ParOldGen       total 40960K, used 4818K [0x00000000c4000000, 0x00000000c6800000, 0x00000000ec000000)
  object space 40960K, 11% used [0x00000000c4000000,0x00000000c44b4850,0x00000000c6800000)
 Metaspace       used 10781K, capacity 10943K, committed 11264K, reserved 1058816K
  class space    used 1123K, capacity 1188K, committed 1280K, reserved 1048576K
Event: 3,312 GC heap after
Heap after GC invocations=4 (full 0):
 PSYoungGen      total 33280K, used 1440K [0x00000000ec000000, 0x00000000ee300000, 0x0000000100000000)
  eden space 30720K, 0% used [0x00000000ec000000,0x00000000ec000000,0x00000000ede00000)
  from space 2560K, 56% used [0x00000000ee080000,0x00000000ee1e8050,0x00000000ee300000)
  to   space 2560K, 0% used [0x00000000ede00000,0x00000000ede00000,0x00000000ee080000)
 ParOldGen       total 40960K, used 8922K [0x00000000c4000000, 0x00000000c6800000, 0x00000000ec000000)
  object space 40960K, 21% used [0x00000000c4000000,0x00000000c48b6860,0x00000000c6800000)
 Metaspace       used 10781K, capacity 10943K, committed 11264K, reserved 1058816K
  class space    used 1123K, capacity 1188K, committed 1280K, reserved 1048576K
}
Event: 3,703 GC heap before
{Heap before GC invocations=5 (full 0):
 PSYoungGen      total 33280K, used 24824K [0x00000000ec000000, 0x00000000ee300000, 0x0000000100000000)
  eden space 30720K, 76% used [0x00000000ec000000,0x00000000ed6d61f8,0x00000000ede00000)
  from space 2560K, 56% used [0x00000000ee080000,0x00000000ee1e8050,0x00000000ee300000)
  to   space 2560K, 0% used [0x00000000ede00000,0x00000000ede00000,0x00000000ee080000)
 ParOldGen       total 40960K, used 8922K [0x00000000c4000000, 0x00000000c6800000, 0x00000000ec000000)
  object space 40960K, 21% used [0x00000000c4000000,0x00000000c48b6860,0x00000000c6800000)
 Metaspace       used 10807K, capacity 10943K, committed 11264K, reserved 1058816K
  class space    used 1123K, capacity 1188K, committed 1280K, reserved 1048576K
Event: 3,718 GC heap after
Heap after GC invocations=5 (full 0):
 PSYoungGen      total 33280K, used 1700K [0x00000000ec000000, 0x00000000f0600000, 0x0000000100000000)
  eden space 30720K, 0% used [0x00000000ec000000,0x00000000ec000000,0x00000000ede00000)
  from space 2560K, 66% used [0x00000000ede00000,0x00000000edfa90e0,0x00000000ee080000)
  to   space 5120K, 0% used [0x00000000f0100000,0x00000000f0100000,0x00000000f0600000)
 ParOldGen       total 40960K, used 8930K [0x00000000c4000000, 0x00000000c6800000, 0x00000000ec000000)
  object space 40960K, 21% used [0x00000000c4000000,0x00000000c48b8860,0x00000000c6800000)
 Metaspace       used 10807K, capacity 10943K, committed 11264K, reserved 1058816K
  class space    used 1123K, capacity 1188K, committed 1280K, reserved 1048576K
}
Event: 4,239 GC heap before
{Heap before GC invocations=6 (full 0):
 PSYoungGen      total 33280K, used 32420K [0x00000000ec000000, 0x00000000f0600000, 0x0000000100000000)
  eden space 30720K, 100% used [0x00000000ec000000,0x00000000ede00000,0x00000000ede00000)
  from space 2560K, 66% used [0x00000000ede00000,0x00000000edfa90e0,0x00000000ee080000)
  to   space 5120K, 0% used [0x00000000f0100000,0x00000000f0100000,0x00000000f0600000)
 ParOldGen       total 40960K, used 8930K [0x00000000c4000000, 0x00000000c6800000, 0x00000000ec000000)
  object space 40960K, 21% used [0x00000000c4000000,0x00000000c48b8860,0x00000000c6800000)
 Metaspace       used 10898K, capacity 11071K, committed 11264K, reserved 1058816K
  class space    used 1123K, capacity 1188K, committed 1280K, reserved 1048576K
Event: 4,268 GC heap after
Heap after GC invocations=6 (full 0):
 PSYoungGen      total 66560K, used 2976K [0x00000000ec000000, 0x00000000f0600000, 0x0000000100000000)
  eden space 61440K, 0% used [0x00000000ec000000,0x00000000ec000000,0x00000000efc00000)
  from space 5120K, 58% used [0x00000000f0100000,0x00000000f03e8318,0x00000000f0600000)
  to   space 5120K, 0% used [0x00000000efc00000,0x00000000efc00000,0x00000000f0100000)
 ParOldGen       total 40960K, used 17130K [0x00000000c4000000, 0x00000000c6800000, 0x00000000ec000000)
  object space 40960K, 41% used [0x00000000c4000000,0x00000000c50ba870,0x00000000c6800000)
 Metaspace       used 10898K, capacity 11071K, committed 11264K, reserved 1058816K
  class space    used 1123K, capacity 1188K, committed 1280K, reserved 1048576K
}
Event: 4,736 GC heap before
{Heap before GC invocations=7 (full 0):
 PSYoungGen      total 66560K, used 64416K [0x00000000ec000000, 0x00000000f0600000, 0x0000000100000000)
  eden space 61440K, 100% used [0x00000000ec000000,0x00000000efc00000,0x00000000efc00000)
  from space 5120K, 58% used [0x00000000f0100000,0x00000000f03e8318,0x00000000f0600000)
  to   space 5120K, 0% used [0x00000000efc00000,0x00000000efc00000,0x00000000f0100000)
 ParOldGen       total 40960K, used 17130K [0x00000000c4000000, 0x00000000c6800000, 0x00000000ec000000)
  object space 40960K, 41% used [0x00000000c4000000,0x00000000c50ba870,0x00000000c6800000)
 Metaspace       used 10912K, capacity 11071K, committed 11264K, reserved 1058816K
  class space    used 1123K, capacity 1188K, committed 1280K, reserved 1048576K
Event: 4,773 GC heap after
Heap after GC invocations=7 (full 0):
 PSYoungGen      total 66560K, used 1488K [0x00000000ec000000, 0x00000000f4200000, 0x0000000100000000)
  eden space 61440K, 0% used [0x00000000ec000000,0x00000000ec000000,0x00000000efc00000)
  from space 5120K, 29% used [0x00000000efc00000,0x00000000efd74030,0x00000000f0100000)
  to   space 5120K, 0% used [0x00000000f3d00000,0x00000000f3d00000,0x00000000f4200000)
 ParOldGen       total 40960K, used 34724K [0x00000000c4000000, 0x00000000c6800000, 0x00000000ec000000)
  object space 40960K, 84% used [0x00000000c4000000,0x00000000c61e91d0,0x00000000c6800000)
 Metaspace       used 10912K, capacity 11071K, committed 11264K, reserved 1058816K
  class space    used 1123K, capacity 1188K, committed 1280K, reserved 1048576K
}
Event: 4,773 GC heap before
{Heap before GC invocations=8 (full 1):
 PSYoungGen      total 66560K, used 1488K [0x00000000ec000000, 0x00000000f4200000, 0x0000000100000000)
  eden space 61440K, 0% used [0x00000000ec000000,0x00000000ec000000,0x00000000efc00000)
  from space 5120K, 29% used [0x00000000efc00000,0x00000000efd74030,0x00000000f0100000)
  to   space 5120K, 0% used [0x00000000f3d00000,0x00000000f3d00000,0x00000000f4200000)
 ParOldGen       total 40960K, used 34724K [0x00000000c4000000, 0x00000000c6800000, 0x00000000ec000000)
  object space 40960K, 84% used [0x00000000c4000000,0x00000000c61e91d0,0x00000000c6800000)
 Metaspace       used 10912K, capacity 11071K, committed 11264K, reserved 1058816K
  class space    used 1123K, capacity 1188K, committed 1280K, reserved 1048576K
Event: 4,830 GC heap after
Heap after GC invocations=8 (full 1):
 PSYoungGen      total 66560K, used 0K [0x00000000ec000000, 0x00000000f4200000, 0x0000000100000000)
  eden space 61440K, 0% used [0x00000000ec000000,0x00000000ec000000,0x00000000efc00000)
  from space 5120K, 0% used [0x00000000efc00000,0x00000000efc00000,0x00000000f0100000)
  to   space 5120K, 0% used [0x00000000f3d00000,0x00000000f3d00000,0x00000000f4200000)
 ParOldGen       total 53760K, used 20808K [0x00000000c4000000, 0x00000000c7480000, 0x00000000ec000000)
  object space 53760K, 38% used [0x00000000c4000000,0x00000000c5452298,0x00000000c7480000)
 Metaspace       used 10912K, capacity 11071K, committed 11264K, reserved 1058816K
  class space    used 1123K, capacity 1188K, committed 1280K, reserved 1048576K
}

